# JRE version: OpenJDK Runtime Environment (17.0.6) (build 17.0.6+0-b2043.56-10027231)
# Java VM: OpenJDK 64-Bit Server VM (17.0.6+0-b2043.56-10027231, mixed mode, tiered, compressed oops, compressed class ptrs, g1 gc, windows-amd64)
GC Precious Log:
 CPUs: 4 total, 4 available
 Memory: 8065M
 Large Page Support: Disabled
 NUMA Support: Disabled
 Compressed Oops: Enabled (32-bit)
 Heap Region Size: 1M
 Heap Min Capacity: 8M
 Heap Initial Capacity: 128M
 Heap Max Capacity: 2G
 Pre-touch: Disabled
 Parallel Workers: 4
 Concurrent Workers: 1
 Concurrent Refinement Workers: 4
 Periodic GC: Disabled
Heap:
 garbage-first heap   total 138240K, used 77811K [0x0000000080000000, 0x0000000100000000)
  region size 1024K, 21 young (21504K), 2 survivors (2048K)
 Metaspace       used 45463K, committed 45888K, reserved 1089536K
  class space    used 6009K, committed 6208K, reserved 1048576K
GC Heap History (20 events):
Event: 3.859 GC heap before
{Heap before GC invocations=5 (full 0):
 garbage-first heap   total 71680K, used 52704K [0x0000000080000000, 0x0000000100000000)
  region size 1024K, 42 young (43008K), 9 survivors (9216K)
 Metaspace       used 26430K, committed 26752K, reserved 1073152K
  class space    used 3470K, committed 3648K, reserved 1048576K
}
Event: 3.868 GC heap after
{Heap after GC invocations=6 (full 0):
 garbage-first heap   total 71680K, used 20466K [0x0000000080000000, 0x0000000100000000)
  region size 1024K, 3 young (3072K), 3 survivors (3072K)
 Metaspace       used 26430K, committed 26752K, reserved 1073152K
  class space    used 3470K, committed 3648K, reserved 1048576K
}
Event: 3.884 GC heap before
{Heap before GC invocations=6 (full 0):
 garbage-first heap   total 71680K, used 20466K [0x0000000080000000, 0x0000000100000000)
  region size 1024K, 4 young (4096K), 3 survivors (3072K)
 Metaspace       used 26573K, committed 26880K, reserved 1073152K
  class space    used 3496K, committed 3648K, reserved 1048576K
}
Event: 3.887 GC heap after
{Heap after GC invocations=7 (full 0):
 garbage-first heap   total 71680K, used 20976K [0x0000000080000000, 0x0000000100000000)
  region size 1024K, 1 young (1024K), 1 survivors (1024K)
 Metaspace       used 26573K, committed 26880K, reserved 1073152K
  class space    used 3496K, committed 3648K, reserved 1048576K
}
Event: 4.428 GC heap before
{Heap before GC invocations=7 (full 0):
 garbage-first heap   total 71680K, used 47600K [0x0000000080000000, 0x0000000100000000)
  region size 1024K, 21 young (21504K), 1 survivors (1024K)
 Metaspace       used 29393K, committed 29760K, reserved 1081344K
  class space    used 3981K, committed 4160K, reserved 1048576K
}
Event: 4.434 GC heap after
{Heap after GC invocations=8 (full 0):
 garbage-first heap   total 71680K, used 32741K [0x0000000080000000, 0x0000000100000000)
  region size 1024K, 4 young (4096K), 4 survivors (4096K)
 Metaspace       used 29393K, committed 29760K, reserved 1081344K
  class space    used 3981K, committed 4160K, reserved 1048576K
}
Event: 4.474 GC heap before
{Heap before GC invocations=8 (full 0):
 garbage-first heap   total 71680K, used 45029K [0x0000000080000000, 0x0000000100000000)
  region size 1024K, 5 young (5120K), 4 survivors (4096K)
 Metaspace       used 29395K, committed 29760K, reserved 1081344K
  class space    used 3981K, committed 4160K, reserved 1048576K
}
Event: 4.478 GC heap after
{Heap after GC invocations=9 (full 0):
 garbage-first heap   total 71680K, used 45333K [0x0000000080000000, 0x0000000100000000)
  region size 1024K, 1 young (1024K), 1 survivors (1024K)
 Metaspace       used 29395K, committed 29760K, reserved 1081344K
  class space    used 3981K, committed 4160K, reserved 1048576K
}
Event: 4.757 GC heap before
{Heap before GC invocations=10 (full 0):
 garbage-first heap   total 83968K, used 57621K [0x0000000080000000, 0x0000000100000000)
  region size 1024K, 12 young (12288K), 1 survivors (1024K)
 Metaspace       used 30791K, committed 31168K, reserved 1081344K
  class space    used 4190K, committed 4352K, reserved 1048576K
}
Event: 4.759 GC heap after
{Heap after GC invocations=11 (full 0):
 garbage-first heap   total 83968K, used 49107K [0x0000000080000000, 0x0000000100000000)
  region size 1024K, 2 young (2048K), 2 survivors (2048K)
 Metaspace       used 30791K, committed 31168K, reserved 1081344K
  class space    used 4190K, committed 4352K, reserved 1048576K
}
Event: 5.048 GC heap before
{Heap before GC invocations=11 (full 0):
 garbage-first heap   total 83968K, used 64467K [0x0000000080000000, 0x0000000100000000)
  region size 1024K, 17 young (17408K), 2 survivors (2048K)
 Metaspace       used 32743K, committed 33088K, reserved 1081344K
  class space    used 4521K, committed 4672K, reserved 1048576K
}
Event: 5.051 GC heap after
{Heap after GC invocations=12 (full 0):
 garbage-first heap   total 83968K, used 49852K [0x0000000080000000, 0x0000000100000000)
  region size 1024K, 1 young (1024K), 1 survivors (1024K)
 Metaspace       used 32743K, committed 33088K, reserved 1081344K
  class space    used 4521K, committed 4672K, reserved 1048576K
}
Event: 5.364 GC heap before
{Heap before GC invocations=13 (full 0):
 garbage-first heap   total 86016K, used 66236K [0x0000000080000000, 0x0000000100000000)
  region size 1024K, 17 young (17408K), 1 survivors (1024K)
 Metaspace       used 35381K, committed 35712K, reserved 1081344K
  class space    used 4916K, committed 5056K, reserved 1048576K
}
Event: 5.366 GC heap after
{Heap after GC invocations=14 (full 0):
 garbage-first heap   total 86016K, used 50539K [0x0000000080000000, 0x0000000100000000)
  region size 1024K, 2 young (2048K), 2 survivors (2048K)
 Metaspace       used 35381K, committed 35712K, reserved 1081344K
  class space    used 4916K, committed 5056K, reserved 1048576K
}
Event: 5.792 GC heap before
{Heap before GC invocations=14 (full 0):
 garbage-first heap   total 86016K, used 67947K [0x0000000080000000, 0x0000000100000000)
  region size 1024K, 20 young (20480K), 2 survivors (2048K)
 Metaspace       used 40676K, committed 41088K, reserved 1089536K
  class space    used 5494K, committed 5696K, reserved 1048576K
}
Event: 5.796 GC heap after
{Heap after GC invocations=15 (full 0):
 garbage-first heap   total 86016K, used 53173K [0x0000000080000000, 0x0000000100000000)
  region size 1024K, 3 young (3072K), 3 survivors (3072K)
 Metaspace       used 40676K, committed 41088K, reserved 1089536K
  class space    used 5494K, committed 5696K, reserved 1048576K
}
Event: 5.979 GC heap before
{Heap before GC invocations=16 (full 0):
 garbage-first heap   total 91136K, used 68533K [0x0000000080000000, 0x0000000100000000)
  region size 1024K, 19 young (19456K), 3 survivors (3072K)
 Metaspace       used 41742K, committed 42112K, reserved 1089536K
  class space    used 5577K, committed 5760K, reserved 1048576K
}
Event: 5.983 GC heap after
{Heap after GC invocations=17 (full 0):
 garbage-first heap   total 91136K, used 55485K [0x0000000080000000, 0x0000000100000000)
  region size 1024K, 3 young (3072K), 3 survivors (3072K)
 Metaspace       used 41742K, committed 42112K, reserved 1089536K
  class space    used 5577K, committed 5760K, reserved 1048576K
}
Event: 6.083 GC heap before
{Heap before GC invocations=17 (full 0):
 garbage-first heap   total 91136K, used 65725K [0x0000000080000000, 0x0000000100000000)
  region size 1024K, 14 young (14336K), 3 survivors (3072K)
 Metaspace       used 42211K, committed 42624K, reserved 1089536K
  class space    used 5623K, committed 5824K, reserved 1048576K
}
Event: 6.086 GC heap after
{Heap after GC invocations=18 (full 0):
 garbage-first heap   total 138240K, used 56307K [0x0000000080000000, 0x0000000100000000)
  region size 1024K, 2 young (2048K), 2 survivors (2048K)
 Metaspace       used 42211K, committed 42624K, reserved 1089536K
  class space    used 5623K, committed 5824K, reserved 1048576K
}

