# JRE version: OpenJDK Runtime Environment (17.0.6) (build 17.0.6+0-b2043.56-10027231)
# Java VM: OpenJDK 64-Bit Server VM (17.0.6+0-b2043.56-10027231, mixed mode, tiered, compressed oops, compressed class ptrs, g1 gc, windows-amd64)
GC Precious Log:
 CPUs: 4 total, 4 available
 Memory: 8065M
 Large Page Support: Disabled
 NUMA Support: Disabled
 Compressed Oops: Enabled (32-bit)
 Heap Region Size: 1M
 Heap Min Capacity: 8M
 Heap Initial Capacity: 128M
 Heap Max Capacity: 2G
 Pre-touch: Disabled
 Parallel Workers: 4
 Concurrent Workers: 1
 Concurrent Refinement Workers: 4
 Periodic GC: Disabled
Heap:
 garbage-first heap   total 117760K, used 68249K [0x0000000080000000, 0x0000000100000000)
  region size 1024K, 2 young (2048K), 1 survivors (1024K)
 Metaspace       used 48410K, committed 48896K, reserved 1097728K
  class space    used 6335K, committed 6528K, reserved 1048576K
GC Heap History (20 events):
Event: 3.777 GC heap before
{Heap before GC invocations=9 (full 0):
 garbage-first heap   total 80896K, used 62617K [0x0000000080000000, 0x0000000100000000)
  region size 1024K, 19 young (19456K), 1 survivors (1024K)
 Metaspace       used 31139K, committed 31552K, reserved 1081344K
  class space    used 4272K, committed 4480K, reserved 1048576K
}
Event: 3.779 GC heap after
{Heap after GC invocations=10 (full 0):
 garbage-first heap   total 80896K, used 47567K [0x0000000080000000, 0x0000000100000000)
  region size 1024K, 3 young (3072K), 3 survivors (3072K)
 Metaspace       used 31139K, committed 31552K, reserved 1081344K
  class space    used 4272K, committed 4480K, reserved 1048576K
}
Event: 4.091 GC heap before
{Heap before GC invocations=10 (full 0):
 garbage-first heap   total 80896K, used 63951K [0x0000000080000000, 0x0000000100000000)
  region size 1024K, 19 young (19456K), 3 survivors (3072K)
 Metaspace       used 33450K, committed 33792K, reserved 1081344K
  class space    used 4657K, committed 4864K, reserved 1048576K
}
Event: 4.094 GC heap after
{Heap after GC invocations=11 (full 0):
 garbage-first heap   total 80896K, used 48348K [0x0000000080000000, 0x0000000100000000)
  region size 1024K, 1 young (1024K), 1 survivors (1024K)
 Metaspace       used 33450K, committed 33792K, reserved 1081344K
  class space    used 4657K, committed 4864K, reserved 1048576K
}
Event: 4.459 GC heap before
{Heap before GC invocations=12 (full 0):
 garbage-first heap   total 87040K, used 63708K [0x0000000080000000, 0x0000000100000000)
  region size 1024K, 16 young (16384K), 1 survivors (1024K)
 Metaspace       used 36740K, committed 37120K, reserved 1081344K
  class space    used 5056K, committed 5248K, reserved 1048576K
}
Event: 4.463 GC heap after
{Heap after GC invocations=13 (full 0):
 garbage-first heap   total 87040K, used 49645K [0x0000000080000000, 0x0000000100000000)
  region size 1024K, 2 young (2048K), 2 survivors (2048K)
 Metaspace       used 36740K, committed 37120K, reserved 1081344K
  class space    used 5056K, committed 5248K, reserved 1048576K
}
Event: 4.799 GC heap before
{Heap before GC invocations=13 (full 0):
 garbage-first heap   total 87040K, used 68077K [0x0000000080000000, 0x0000000100000000)
  region size 1024K, 21 young (21504K), 2 survivors (2048K)
 Metaspace       used 41069K, committed 41472K, reserved 1089536K
  class space    used 5489K, committed 5696K, reserved 1048576K
}
Event: 4.804 GC heap after
{Heap after GC invocations=14 (full 0):
 garbage-first heap   total 87040K, used 52909K [0x0000000080000000, 0x0000000100000000)
  region size 1024K, 3 young (3072K), 3 survivors (3072K)
 Metaspace       used 41069K, committed 41472K, reserved 1089536K
  class space    used 5489K, committed 5696K, reserved 1048576K
}
Event: 4.963 GC heap before
{Heap before GC invocations=15 (full 0):
 garbage-first heap   total 99328K, used 68269K [0x0000000080000000, 0x0000000100000000)
  region size 1024K, 19 young (19456K), 3 survivors (3072K)
 Metaspace       used 41509K, committed 41920K, reserved 1089536K
  class space    used 5534K, committed 5760K, reserved 1048576K
}
Event: 4.968 GC heap after
{Heap after GC invocations=16 (full 0):
 garbage-first heap   total 99328K, used 55391K [0x0000000080000000, 0x0000000100000000)
  region size 1024K, 3 young (3072K), 3 survivors (3072K)
 Metaspace       used 41509K, committed 41920K, reserved 1089536K
  class space    used 5534K, committed 5760K, reserved 1048576K
}
Event: 4.969 GC heap before
{Heap before GC invocations=16 (full 0):
 garbage-first heap   total 99328K, used 55391K [0x0000000080000000, 0x0000000100000000)
  region size 1024K, 4 young (4096K), 3 survivors (3072K)
 Metaspace       used 41509K, committed 41920K, reserved 1089536K
  class space    used 5534K, committed 5760K, reserved 1048576K
}
Event: 4.971 GC heap after
{Heap after GC invocations=17 (full 0):
 garbage-first heap   total 99328K, used 55841K [0x0000000080000000, 0x0000000100000000)
  region size 1024K, 1 young (1024K), 1 survivors (1024K)
 Metaspace       used 41509K, committed 41920K, reserved 1089536K
  class space    used 5534K, committed 5760K, reserved 1048576K
}
Event: 5.308 GC heap before
{Heap before GC invocations=18 (full 0):
 garbage-first heap   total 102400K, used 75297K [0x0000000080000000, 0x0000000100000000)
  region size 1024K, 18 young (18432K), 1 survivors (1024K)
 Metaspace       used 44443K, committed 44864K, reserved 1089536K
  class space    used 5883K, committed 6080K, reserved 1048576K
}
Event: 5.311 GC heap after
{Heap after GC invocations=19 (full 0):
 garbage-first heap   total 102400K, used 56536K [0x0000000080000000, 0x0000000100000000)
  region size 1024K, 2 young (2048K), 2 survivors (2048K)
 Metaspace       used 44443K, committed 44864K, reserved 1089536K
  class space    used 5883K, committed 6080K, reserved 1048576K
}
Event: 5.594 GC heap before
{Heap before GC invocations=19 (full 0):
 garbage-first heap   total 102400K, used 67800K [0x0000000080000000, 0x0000000100000000)
  region size 1024K, 14 young (14336K), 2 survivors (2048K)
 Metaspace       used 45774K, committed 46208K, reserved 1089536K
  class space    used 6076K, committed 6272K, reserved 1048576K
}
Event: 5.597 GC heap after
{Heap after GC invocations=20 (full 0):
 garbage-first heap   total 102400K, used 57738K [0x0000000080000000, 0x0000000100000000)
  region size 1024K, 3 young (3072K), 3 survivors (3072K)
 Metaspace       used 45774K, committed 46208K, reserved 1089536K
  class space    used 6076K, committed 6272K, reserved 1048576K
}
Event: 5.780 GC heap before
{Heap before GC invocations=21 (full 0):
 garbage-first heap   total 112640K, used 74122K [0x0000000080000000, 0x0000000100000000)
  region size 1024K, 15 young (15360K), 3 survivors (3072K)
 Metaspace       used 46478K, committed 46976K, reserved 1097728K
  class space    used 6158K, committed 6336K, reserved 1048576K
}
Event: 5.785 GC heap after
{Heap after GC invocations=22 (full 0):
 garbage-first heap   total 112640K, used 66278K [0x0000000080000000, 0x0000000100000000)
  region size 1024K, 3 young (3072K), 3 survivors (3072K)
 Metaspace       used 46478K, committed 46976K, reserved 1097728K
  class space    used 6158K, committed 6336K, reserved 1048576K
}
Event: 6.112 GC heap before
{Heap before GC invocations=23 (full 0):
 garbage-first heap   total 117760K, used 85734K [0x0000000080000000, 0x0000000100000000)
  region size 1024K, 21 young (21504K), 3 survivors (3072K)
 Metaspace       used 48196K, committed 48576K, reserved 1097728K
  class space    used 6291K, committed 6464K, reserved 1048576K
}
Event: 6.119 GC heap after
{Heap after GC invocations=24 (full 0):
 garbage-first heap   total 117760K, used 67861K [0x0000000080000000, 0x0000000100000000)
  region size 1024K, 2 young (2048K), 2 survivors (2048K)
 Metaspace       used 48196K, committed 48576K, reserved 1097728K
  class space    used 6291K, committed 6464K, reserved 1048576K
}

