# JRE version: OpenJDK Runtime Environment (17.0.6) (build 17.0.6+0-b2043.56-10027231)
# Java VM: OpenJDK 64-Bit Server VM (17.0.6+0-b2043.56-10027231, mixed mode, tiered, compressed oops, compressed class ptrs, g1 gc, windows-amd64)
GC Precious Log:
 CPUs: 4 total, 4 available
 Memory: 8065M
 Large Page Support: Disabled
 NUMA Support: Disabled
 Compressed Oops: Enabled (32-bit)
 Heap Region Size: 1M
 Heap Min Capacity: 8M
 Heap Initial Capacity: 128M
 Heap Max Capacity: 2G
 Pre-touch: Disabled
 Parallel Workers: 4
 Concurrent Workers: 1
 Concurrent Refinement Workers: 4
 Periodic GC: Disabled
Heap:
 garbage-first heap   total 449536K, used 181267K [0x0000000080000000, 0x0000000100000000)
  region size 1024K, 1 young (1024K), 1 survivors (1024K)
 Metaspace       used 121389K, committed 122240K, reserved 1163264K
  class space    used 16002K, committed 16384K, reserved 1048576K
GC Heap History (20 events):
Event: 475.673 GC heap after
{Heap after GC invocations=121 (full 0):
 garbage-first heap   total 339968K, used 166694K [0x0000000080000000, 0x0000000100000000)
  region size 1024K, 4 young (4096K), 4 survivors (4096K)
 Metaspace       used 121337K, committed 122176K, reserved 1163264K
  class space    used 16000K, committed 16384K, reserved 1048576K
}
Event: 475.712 GC heap before
{Heap before GC invocations=121 (full 0):
 garbage-first heap   total 339968K, used 178982K [0x0000000080000000, 0x0000000100000000)
  region size 1024K, 16 young (16384K), 4 survivors (4096K)
 Metaspace       used 121339K, committed 122176K, reserved 1163264K
  class space    used 16000K, committed 16384K, reserved 1048576K
}
Event: 475.716 GC heap after
{Heap after GC invocations=122 (full 0):
 garbage-first heap   total 339968K, used 164719K [0x0000000080000000, 0x0000000100000000)
  region size 1024K, 1 young (1024K), 1 survivors (1024K)
 Metaspace       used 121339K, committed 122176K, reserved 1163264K
  class space    used 16000K, committed 16384K, reserved 1048576K
}
Event: 475.859 GC heap before
{Heap before GC invocations=122 (full 0):
 garbage-first heap   total 339968K, used 179055K [0x0000000080000000, 0x0000000100000000)
  region size 1024K, 16 young (16384K), 1 survivors (1024K)
 Metaspace       used 121339K, committed 122176K, reserved 1163264K
  class space    used 16000K, committed 16384K, reserved 1048576K
}
Event: 475.861 GC heap after
{Heap after GC invocations=123 (full 0):
 garbage-first heap   total 339968K, used 164415K [0x0000000080000000, 0x0000000100000000)
  region size 1024K, 1 young (1024K), 1 survivors (1024K)
 Metaspace       used 121339K, committed 122176K, reserved 1163264K
  class space    used 16000K, committed 16384K, reserved 1048576K
}
Event: 476.757 GC heap before
{Heap before GC invocations=124 (full 0):
 garbage-first heap   total 375808K, used 288319K [0x0000000080000000, 0x0000000100000000)
  region size 1024K, 122 young (124928K), 1 survivors (1024K)
 Metaspace       used 121345K, committed 122176K, reserved 1163264K
  class space    used 16000K, committed 16384K, reserved 1048576K
}
Event: 476.760 GC heap after
{Heap after GC invocations=125 (full 0):
 garbage-first heap   total 375808K, used 164575K [0x0000000080000000, 0x0000000100000000)
  region size 1024K, 1 young (1024K), 1 survivors (1024K)
 Metaspace       used 121345K, committed 122176K, reserved 1163264K
  class space    used 16000K, committed 16384K, reserved 1048576K
}
Event: 476.902 GC heap before
{Heap before GC invocations=125 (full 0):
 garbage-first heap   total 375808K, used 180959K [0x0000000080000000, 0x0000000100000000)
  region size 1024K, 18 young (18432K), 1 survivors (1024K)
 Metaspace       used 121345K, committed 122176K, reserved 1163264K
  class space    used 16000K, committed 16384K, reserved 1048576K
}
Event: 476.905 GC heap after
{Heap after GC invocations=126 (full 0):
 garbage-first heap   total 375808K, used 163888K [0x0000000080000000, 0x0000000100000000)
  region size 1024K, 1 young (1024K), 1 survivors (1024K)
 Metaspace       used 121345K, committed 122176K, reserved 1163264K
  class space    used 16000K, committed 16384K, reserved 1048576K
}
Event: 476.920 GC heap before
{Heap before GC invocations=126 (full 0):
 garbage-first heap   total 375808K, used 164912K [0x0000000080000000, 0x0000000100000000)
  region size 1024K, 3 young (3072K), 1 survivors (1024K)
 Metaspace       used 121345K, committed 122176K, reserved 1163264K
  class space    used 16000K, committed 16384K, reserved 1048576K
}
Event: 476.922 GC heap after
{Heap after GC invocations=127 (full 0):
 garbage-first heap   total 375808K, used 163921K [0x0000000080000000, 0x0000000100000000)
  region size 1024K, 1 young (1024K), 1 survivors (1024K)
 Metaspace       used 121345K, committed 122176K, reserved 1163264K
  class space    used 16000K, committed 16384K, reserved 1048576K
}
Event: 477.206 GC heap before
{Heap before GC invocations=128 (full 0):
 garbage-first heap   total 449536K, used 322641K [0x0000000080000000, 0x0000000100000000)
  region size 1024K, 151 young (154624K), 1 survivors (1024K)
 Metaspace       used 121365K, committed 122240K, reserved 1163264K
  class space    used 16000K, committed 16384K, reserved 1048576K
}
Event: 477.211 GC heap after
{Heap after GC invocations=129 (full 0):
 garbage-first heap   total 449536K, used 171957K [0x0000000080000000, 0x0000000100000000)
  region size 1024K, 9 young (9216K), 9 survivors (9216K)
 Metaspace       used 121365K, committed 122240K, reserved 1163264K
  class space    used 16000K, committed 16384K, reserved 1048576K
}
Event: 477.225 GC heap before
{Heap before GC invocations=129 (full 0):
 garbage-first heap   total 449536K, used 184245K [0x0000000080000000, 0x0000000100000000)
  region size 1024K, 22 young (22528K), 9 survivors (9216K)
 Metaspace       used 121369K, committed 122240K, reserved 1163264K
  class space    used 16000K, committed 16384K, reserved 1048576K
}
Event: 477.230 GC heap after
{Heap after GC invocations=130 (full 0):
 garbage-first heap   total 449536K, used 171754K [0x0000000080000000, 0x0000000100000000)
  region size 1024K, 1 young (1024K), 1 survivors (1024K)
 Metaspace       used 121369K, committed 122240K, reserved 1163264K
  class space    used 16000K, committed 16384K, reserved 1048576K
}
Event: 477.375 GC heap before
{Heap before GC invocations=130 (full 0):
 garbage-first heap   total 449536K, used 265962K [0x0000000080000000, 0x0000000100000000)
  region size 1024K, 94 young (96256K), 1 survivors (1024K)
 Metaspace       used 121381K, committed 122240K, reserved 1163264K
  class space    used 16002K, committed 16384K, reserved 1048576K
}
Event: 477.378 GC heap after
{Heap after GC invocations=131 (full 0):
 garbage-first heap   total 449536K, used 171087K [0x0000000080000000, 0x0000000100000000)
  region size 1024K, 1 young (1024K), 1 survivors (1024K)
 Metaspace       used 121381K, committed 122240K, reserved 1163264K
  class space    used 16002K, committed 16384K, reserved 1048576K
}
Event: 477.737 GC heap before
{Heap before GC invocations=132 (full 0):
 garbage-first heap   total 449536K, used 381007K [0x0000000080000000, 0x0000000100000000)
  region size 1024K, 201 young (205824K), 1 survivors (1024K)
 Metaspace       used 121389K, committed 122240K, reserved 1163264K
  class space    used 16002K, committed 16384K, reserved 1048576K
}
Event: 477.742 GC heap after
{Heap after GC invocations=133 (full 0):
 garbage-first heap   total 449536K, used 180832K [0x0000000080000000, 0x0000000100000000)
  region size 1024K, 10 young (10240K), 10 survivors (10240K)
 Metaspace       used 121389K, committed 122240K, reserved 1163264K
  class space    used 16002K, committed 16384K, reserved 1048576K
}
Event: 477.762 GC heap before
{Heap before GC invocations=133 (full 0):
 garbage-first heap   total 449536K, used 191072K [0x0000000080000000, 0x0000000100000000)
  region size 1024K, 21 young (21504K), 10 survivors (10240K)
 Metaspace       used 121389K, committed 122240K, reserved 1163264K
  class space    used 16002K, committed 16384K, reserved 1048576K
}

