# JRE version: OpenJDK Runtime Environment (17.0.6) (build 17.0.6+0-b2043.56-10027231)
# Java VM: OpenJDK 64-Bit Server VM (17.0.6+0-b2043.56-10027231, mixed mode, tiered, compressed oops, compressed class ptrs, g1 gc, windows-amd64)
GC Precious Log:
 CPUs: 4 total, 4 available
 Memory: 8065M
 Large Page Support: Disabled
 NUMA Support: Disabled
 Compressed Oops: Enabled (32-bit)
 Heap Region Size: 1M
 Heap Min Capacity: 8M
 Heap Initial Capacity: 128M
 Heap Max Capacity: 2G
 Pre-touch: Disabled
 Parallel Workers: 4
 Concurrent Workers: 1
 Concurrent Refinement Workers: 4
 Periodic GC: Disabled
Heap:
 garbage-first heap   total 359424K, used 233973K [0x0000000080000000, 0x0000000100000000)
  region size 1024K, 41 young (41984K), 11 survivors (11264K)
 Metaspace       used 126203K, committed 127296K, reserved 1163264K
  class space    used 16592K, committed 17088K, reserved 1048576K
GC Heap History (20 events):
Event: 67.458 GC heap before
{Heap before GC invocations=87 (full 0):
 garbage-first heap   total 352256K, used 293564K [0x0000000080000000, 0x0000000100000000)
  region size 1024K, 192 young (196608K), 21 survivors (21504K)
 Metaspace       used 102615K, committed 103552K, reserved 1146880K
  class space    used 13655K, committed 14080K, reserved 1048576K
}
Event: 67.493 GC heap after
{Heap after GC invocations=88 (full 0):
 garbage-first heap   total 352256K, used 134002K [0x0000000080000000, 0x0000000100000000)
  region size 1024K, 24 young (24576K), 24 survivors (24576K)
 Metaspace       used 102615K, committed 103552K, reserved 1146880K
  class space    used 13655K, committed 14080K, reserved 1048576K
}
Event: 73.763 GC heap before
{Heap before GC invocations=88 (full 0):
 garbage-first heap   total 352256K, used 311154K [0x0000000080000000, 0x0000000100000000)
  region size 1024K, 175 young (179200K), 24 survivors (24576K)
 Metaspace       used 107846K, committed 108864K, reserved 1146880K
  class space    used 14443K, committed 14912K, reserved 1048576K
}
Event: 73.798 GC heap after
{Heap after GC invocations=89 (full 0):
 garbage-first heap   total 359424K, used 179069K [0x0000000080000000, 0x0000000100000000)
  region size 1024K, 21 young (21504K), 21 survivors (21504K)
 Metaspace       used 107846K, committed 108864K, reserved 1146880K
  class space    used 14443K, committed 14912K, reserved 1048576K
}
Event: 89.545 GC heap before
{Heap before GC invocations=89 (full 0):
 garbage-first heap   total 359424K, used 293757K [0x0000000080000000, 0x0000000100000000)
  region size 1024K, 131 young (134144K), 21 survivors (21504K)
 Metaspace       used 115538K, committed 116608K, reserved 1155072K
  class space    used 15446K, committed 15936K, reserved 1048576K
}
Event: 89.569 GC heap after
{Heap after GC invocations=90 (full 0):
 garbage-first heap   total 359424K, used 188928K [0x0000000080000000, 0x0000000100000000)
  region size 1024K, 8 young (8192K), 8 survivors (8192K)
 Metaspace       used 115538K, committed 116608K, reserved 1155072K
  class space    used 15446K, committed 15936K, reserved 1048576K
}
Event: 90.502 GC heap before
{Heap before GC invocations=91 (full 0):
 garbage-first heap   total 359424K, used 292352K [0x0000000080000000, 0x0000000100000000)
  region size 1024K, 111 young (113664K), 8 survivors (8192K)
 Metaspace       used 115472K, committed 116608K, reserved 1155072K
  class space    used 15414K, committed 15936K, reserved 1048576K
}
Event: 90.511 GC heap after
{Heap after GC invocations=92 (full 0):
 garbage-first heap   total 359424K, used 189440K [0x0000000080000000, 0x0000000100000000)
  region size 1024K, 2 young (2048K), 2 survivors (2048K)
 Metaspace       used 115472K, committed 116608K, reserved 1155072K
  class space    used 15414K, committed 15936K, reserved 1048576K
}
Event: 90.584 GC heap before
{Heap before GC invocations=92 (full 0):
 garbage-first heap   total 359424K, used 204800K [0x0000000080000000, 0x0000000100000000)
  region size 1024K, 17 young (17408K), 2 survivors (2048K)
 Metaspace       used 115472K, committed 116608K, reserved 1155072K
  class space    used 15414K, committed 15936K, reserved 1048576K
}
Event: 90.587 GC heap after
{Heap after GC invocations=93 (full 0):
 garbage-first heap   total 359424K, used 187936K [0x0000000080000000, 0x0000000100000000)
  region size 1024K, 1 young (1024K), 1 survivors (1024K)
 Metaspace       used 115472K, committed 116608K, reserved 1155072K
  class space    used 15414K, committed 15936K, reserved 1048576K
}
Event: 91.270 GC heap before
{Heap before GC invocations=93 (full 0):
 garbage-first heap   total 359424K, used 299552K [0x0000000080000000, 0x0000000100000000)
  region size 1024K, 110 young (112640K), 1 survivors (1024K)
 Metaspace       used 116536K, committed 117568K, reserved 1155072K
  class space    used 15596K, committed 16064K, reserved 1048576K
}
Event: 91.272 GC heap after
{Heap after GC invocations=94 (full 0):
 garbage-first heap   total 359424K, used 186307K [0x0000000080000000, 0x0000000100000000)
  region size 1024K, 1 young (1024K), 1 survivors (1024K)
 Metaspace       used 116536K, committed 117568K, reserved 1155072K
  class space    used 15596K, committed 16064K, reserved 1048576K
}
Event: 115.763 GC heap before
{Heap before GC invocations=94 (full 0):
 garbage-first heap   total 359424K, used 303043K [0x0000000080000000, 0x0000000100000000)
  region size 1024K, 116 young (118784K), 1 survivors (1024K)
 Metaspace       used 122575K, committed 123648K, reserved 1163264K
  class space    used 16293K, committed 16768K, reserved 1048576K
}
Event: 115.771 GC heap after
{Heap after GC invocations=95 (full 0):
 garbage-first heap   total 359424K, used 190668K [0x0000000080000000, 0x0000000100000000)
  region size 1024K, 6 young (6144K), 6 survivors (6144K)
 Metaspace       used 122575K, committed 123648K, reserved 1163264K
  class space    used 16293K, committed 16768K, reserved 1048576K
}
Event: 129.889 GC heap before
{Heap before GC invocations=95 (full 0):
 garbage-first heap   total 359424K, used 303308K [0x0000000080000000, 0x0000000100000000)
  region size 1024K, 117 young (119808K), 6 survivors (6144K)
 Metaspace       used 123673K, committed 124672K, reserved 1163264K
  class space    used 16377K, committed 16832K, reserved 1048576K
}
Event: 129.898 GC heap after
{Heap after GC invocations=96 (full 0):
 garbage-first heap   total 359424K, used 194477K [0x0000000080000000, 0x0000000100000000)
  region size 1024K, 9 young (9216K), 9 survivors (9216K)
 Metaspace       used 123673K, committed 124672K, reserved 1163264K
  class space    used 16377K, committed 16832K, reserved 1048576K
}
Event: 138.359 GC heap before
{Heap before GC invocations=96 (full 0):
 garbage-first heap   total 359424K, used 305069K [0x0000000080000000, 0x0000000100000000)
  region size 1024K, 118 young (120832K), 9 survivors (9216K)
 Metaspace       used 124001K, committed 125056K, reserved 1163264K
  class space    used 16380K, committed 16832K, reserved 1048576K
}
Event: 138.380 GC heap after
{Heap after GC invocations=97 (full 0):
 garbage-first heap   total 359424K, used 198130K [0x0000000080000000, 0x0000000100000000)
  region size 1024K, 9 young (9216K), 9 survivors (9216K)
 Metaspace       used 124001K, committed 125056K, reserved 1163264K
  class space    used 16380K, committed 16832K, reserved 1048576K
}
Event: 146.130 GC heap before
{Heap before GC invocations=97 (full 0):
 garbage-first heap   total 359424K, used 304626K [0x0000000080000000, 0x0000000100000000)
  region size 1024K, 114 young (116736K), 9 survivors (9216K)
 Metaspace       used 125142K, committed 126272K, reserved 1163264K
  class space    used 16502K, committed 17024K, reserved 1048576K
}
Event: 146.142 GC heap after
{Heap after GC invocations=98 (full 0):
 garbage-first heap   total 359424K, used 204277K [0x0000000080000000, 0x0000000100000000)
  region size 1024K, 11 young (11264K), 11 survivors (11264K)
 Metaspace       used 125142K, committed 126272K, reserved 1163264K
  class space    used 16502K, committed 17024K, reserved 1048576K
}

