# JRE version: OpenJDK Runtime Environment (17.0.6) (build 17.0.6+0-b2043.56-10027231)
# Java VM: OpenJDK 64-Bit Server VM (17.0.6+0-b2043.56-10027231, mixed mode, tiered, compressed oops, compressed class ptrs, g1 gc, windows-amd64)
GC Precious Log:
 CPUs: 4 total, 4 available
 Memory: 8065M
 Large Page Support: Disabled
 NUMA Support: Disabled
 Compressed Oops: Enabled (32-bit)
 Heap Region Size: 1M
 Heap Min Capacity: 8M
 Heap Initial Capacity: 128M
 Heap Max Capacity: 2G
 Pre-touch: Disabled
 Parallel Workers: 4
 Concurrent Workers: 1
 Concurrent Refinement Workers: 4
 Periodic GC: Disabled
Heap:
 garbage-first heap   total 304128K, used 223887K [0x0000000080000000, 0x0000000100000000)
  region size 1024K, 50 young (51200K), 7 survivors (7168K)
 Metaspace       used 110912K, committed 112064K, reserved 1146880K
  class space    used 14933K, committed 15424K, reserved 1048576K
GC Heap History (20 events):
Event: 13.511 GC heap before
{Heap before GC invocations=44 (full 0):
 garbage-first heap   total 290816K, used 220318K [0x0000000080000000, 0x0000000100000000)
  region size 1024K, 129 young (132096K), 3 survivors (3072K)
 Metaspace       used 80502K, committed 81344K, reserved 1122304K
  class space    used 11042K, committed 11392K, reserved 1048576K
}
Event: 13.526 GC heap after
{Heap after GC invocations=45 (full 0):
 garbage-first heap   total 290816K, used 102134K [0x0000000080000000, 0x0000000100000000)
  region size 1024K, 13 young (13312K), 13 survivors (13312K)
 Metaspace       used 80502K, committed 81344K, reserved 1122304K
  class space    used 11042K, committed 11392K, reserved 1048576K
}
Event: 14.897 GC heap before
{Heap before GC invocations=45 (full 0):
 garbage-first heap   total 290816K, used 215798K [0x0000000080000000, 0x0000000100000000)
  region size 1024K, 124 young (126976K), 13 survivors (13312K)
 Metaspace       used 85931K, committed 86784K, reserved 1130496K
  class space    used 11788K, committed 12160K, reserved 1048576K
}
Event: 14.915 GC heap after
{Heap after GC invocations=46 (full 0):
 garbage-first heap   total 290816K, used 112967K [0x0000000080000000, 0x0000000100000000)
  region size 1024K, 11 young (11264K), 11 survivors (11264K)
 Metaspace       used 85931K, committed 86784K, reserved 1130496K
  class space    used 11788K, committed 12160K, reserved 1048576K
}
Event: 17.175 GC heap before
{Heap before GC invocations=46 (full 0):
 garbage-first heap   total 290816K, used 220487K [0x0000000080000000, 0x0000000100000000)
  region size 1024K, 117 young (119808K), 11 survivors (11264K)
 Metaspace       used 90746K, committed 91584K, reserved 1130496K
  class space    used 12369K, committed 12736K, reserved 1048576K
}
Event: 17.196 GC heap after
{Heap after GC invocations=47 (full 0):
 garbage-first heap   total 290816K, used 129958K [0x0000000080000000, 0x0000000100000000)
  region size 1024K, 15 young (15360K), 15 survivors (15360K)
 Metaspace       used 90746K, committed 91584K, reserved 1130496K
  class space    used 12369K, committed 12736K, reserved 1048576K
}
Event: 17.693 GC heap before
{Heap before GC invocations=47 (full 0):
 garbage-first heap   total 290816K, used 170918K [0x0000000080000000, 0x0000000100000000)
  region size 1024K, 48 young (49152K), 15 survivors (15360K)
 Metaspace       used 92514K, committed 93440K, reserved 1130496K
  class space    used 12658K, committed 13056K, reserved 1048576K
}
Event: 17.712 GC heap after
{Heap after GC invocations=48 (full 0):
 garbage-first heap   total 290816K, used 144896K [0x0000000080000000, 0x0000000100000000)
  region size 1024K, 6 young (6144K), 6 survivors (6144K)
 Metaspace       used 92514K, committed 93440K, reserved 1130496K
  class space    used 12658K, committed 13056K, reserved 1048576K
}
Event: 20.550 GC heap before
{Heap before GC invocations=49 (full 0):
 garbage-first heap   total 290816K, used 246272K [0x0000000080000000, 0x0000000100000000)
  region size 1024K, 91 young (93184K), 6 survivors (6144K)
 Metaspace       used 102726K, committed 103744K, reserved 1138688K
  class space    used 14063K, committed 14528K, reserved 1048576K
}
Event: 20.559 GC heap after
{Heap after GC invocations=50 (full 0):
 garbage-first heap   total 290816K, used 165888K [0x0000000080000000, 0x0000000100000000)
  region size 1024K, 12 young (12288K), 12 survivors (12288K)
 Metaspace       used 102726K, committed 103744K, reserved 1138688K
  class space    used 14063K, committed 14528K, reserved 1048576K
}
Event: 20.614 GC heap before
{Heap before GC invocations=50 (full 0):
 garbage-first heap   total 290816K, used 167936K [0x0000000080000000, 0x0000000100000000)
  region size 1024K, 14 young (14336K), 12 survivors (12288K)
 Metaspace       used 103643K, committed 104640K, reserved 1146880K
  class space    used 14161K, committed 14592K, reserved 1048576K
}
Event: 20.623 GC heap after
{Heap after GC invocations=51 (full 0):
 garbage-first heap   total 290816K, used 166126K [0x0000000080000000, 0x0000000100000000)
  region size 1024K, 2 young (2048K), 2 survivors (2048K)
 Metaspace       used 103643K, committed 104640K, reserved 1146880K
  class space    used 14161K, committed 14592K, reserved 1048576K
}
Event: 22.142 GC heap before
{Heap before GC invocations=51 (full 0):
 garbage-first heap   total 290816K, used 237806K [0x0000000080000000, 0x0000000100000000)
  region size 1024K, 72 young (73728K), 2 survivors (2048K)
 Metaspace       used 109008K, committed 110080K, reserved 1146880K
  class space    used 14768K, committed 15232K, reserved 1048576K
}
Event: 22.159 GC heap after
{Heap after GC invocations=52 (full 0):
 garbage-first heap   total 290816K, used 170846K [0x0000000080000000, 0x0000000100000000)
  region size 1024K, 6 young (6144K), 6 survivors (6144K)
 Metaspace       used 109008K, committed 110080K, reserved 1146880K
  class space    used 14768K, committed 15232K, reserved 1048576K
}
Event: 22.994 GC heap before
{Heap before GC invocations=53 (full 0):
 garbage-first heap   total 304128K, used 238430K [0x0000000080000000, 0x0000000100000000)
  region size 1024K, 73 young (74752K), 6 survivors (6144K)
 Metaspace       used 109633K, committed 110720K, reserved 1146880K
  class space    used 14808K, committed 15296K, reserved 1048576K
}
Event: 23.005 GC heap after
{Heap after GC invocations=54 (full 0):
 garbage-first heap   total 304128K, used 175197K [0x0000000080000000, 0x0000000100000000)
  region size 1024K, 5 young (5120K), 5 survivors (5120K)
 Metaspace       used 109633K, committed 110720K, reserved 1146880K
  class space    used 14808K, committed 15296K, reserved 1048576K
}
Event: 23.075 GC heap before
{Heap before GC invocations=54 (full 0):
 garbage-first heap   total 304128K, used 183389K [0x0000000080000000, 0x0000000100000000)
  region size 1024K, 14 young (14336K), 5 survivors (5120K)
 Metaspace       used 109665K, committed 110720K, reserved 1146880K
  class space    used 14809K, committed 15296K, reserved 1048576K
}
Event: 23.080 GC heap after
{Heap after GC invocations=55 (full 0):
 garbage-first heap   total 304128K, used 175338K [0x0000000080000000, 0x0000000100000000)
  region size 1024K, 1 young (1024K), 1 survivors (1024K)
 Metaspace       used 109665K, committed 110720K, reserved 1146880K
  class space    used 14809K, committed 15296K, reserved 1048576K
}
Event: 23.989 GC heap before
{Heap before GC invocations=55 (full 0):
 garbage-first heap   total 304128K, used 252138K [0x0000000080000000, 0x0000000100000000)
  region size 1024K, 77 young (78848K), 1 survivors (1024K)
 Metaspace       used 110846K, committed 111936K, reserved 1146880K
  class space    used 14933K, committed 15424K, reserved 1048576K
}
Event: 24.006 GC heap after
{Heap after GC invocations=56 (full 0):
 garbage-first heap   total 304128K, used 180879K [0x0000000080000000, 0x0000000100000000)
  region size 1024K, 7 young (7168K), 7 survivors (7168K)
 Metaspace       used 110846K, committed 111936K, reserved 1146880K
  class space    used 14933K, committed 15424K, reserved 1048576K
}

