# JRE version: OpenJDK Runtime Environment (17.0.6) (build 17.0.6+0-b2043.56-10027231)
# Java VM: OpenJDK 64-Bit Server VM (17.0.6+0-b2043.56-10027231, mixed mode, tiered, compressed oops, compressed class ptrs, g1 gc, windows-amd64)
GC Precious Log:
 CPUs: 4 total, 4 available
 Memory: 8065M
 Large Page Support: Disabled
 NUMA Support: Disabled
 Compressed Oops: Enabled (32-bit)
 Heap Region Size: 1M
 Heap Min Capacity: 8M
 Heap Initial Capacity: 128M
 Heap Max Capacity: 2G
 Pre-touch: Disabled
 Parallel Workers: 4
 Concurrent Workers: 1
 Concurrent Refinement Workers: 4
 Periodic GC: Disabled
Heap:
 garbage-first heap   total 169984K, used 64511K [0x0000000080000000, 0x0000000100000000)
  region size 1024K, 3 young (3072K), 3 survivors (3072K)
 Metaspace       used 51581K, committed 51968K, reserved 1097728K
  class space    used 6843K, committed 7040K, reserved 1048576K
GC Heap History (20 events):
Event: 11.972 GC heap after
{Heap after GC invocations=40 (full 0):
 garbage-first heap   total 141312K, used 64598K [0x0000000080000000, 0x0000000100000000)
  region size 1024K, 4 young (4096K), 4 survivors (4096K)
 Metaspace       used 51256K, committed 51712K, reserved 1097728K
  class space    used 6806K, committed 7040K, reserved 1048576K
}
Event: 12.208 GC heap before
{Heap before GC invocations=40 (full 0):
 garbage-first heap   total 141312K, used 121942K [0x0000000080000000, 0x0000000100000000)
  region size 1024K, 59 young (60416K), 4 survivors (4096K)
 Metaspace       used 51256K, committed 51712K, reserved 1097728K
  class space    used 6806K, committed 7040K, reserved 1048576K
}
Event: 12.210 GC heap after
{Heap after GC invocations=41 (full 0):
 garbage-first heap   total 141312K, used 65078K [0x0000000080000000, 0x0000000100000000)
  region size 1024K, 4 young (4096K), 4 survivors (4096K)
 Metaspace       used 51256K, committed 51712K, reserved 1097728K
  class space    used 6806K, committed 7040K, reserved 1048576K
}
Event: 12.421 GC heap before
{Heap before GC invocations=41 (full 0):
 garbage-first heap   total 141312K, used 121398K [0x0000000080000000, 0x0000000100000000)
  region size 1024K, 59 young (60416K), 4 survivors (4096K)
 Metaspace       used 51256K, committed 51712K, reserved 1097728K
  class space    used 6806K, committed 7040K, reserved 1048576K
}
Event: 12.424 GC heap after
{Heap after GC invocations=42 (full 0):
 garbage-first heap   total 141312K, used 65804K [0x0000000080000000, 0x0000000100000000)
  region size 1024K, 5 young (5120K), 5 survivors (5120K)
 Metaspace       used 51256K, committed 51712K, reserved 1097728K
  class space    used 6806K, committed 7040K, reserved 1048576K
}
Event: 12.636 GC heap before
{Heap before GC invocations=42 (full 0):
 garbage-first heap   total 141312K, used 120076K [0x0000000080000000, 0x0000000100000000)
  region size 1024K, 58 young (59392K), 5 survivors (5120K)
 Metaspace       used 51257K, committed 51712K, reserved 1097728K
  class space    used 6806K, committed 7040K, reserved 1048576K
}
Event: 12.639 GC heap after
{Heap after GC invocations=43 (full 0):
 garbage-first heap   total 141312K, used 66304K [0x0000000080000000, 0x0000000100000000)
  region size 1024K, 5 young (5120K), 5 survivors (5120K)
 Metaspace       used 51257K, committed 51712K, reserved 1097728K
  class space    used 6806K, committed 7040K, reserved 1048576K
}
Event: 12.855 GC heap before
{Heap before GC invocations=43 (full 0):
 garbage-first heap   total 141312K, used 120576K [0x0000000080000000, 0x0000000100000000)
  region size 1024K, 58 young (59392K), 5 survivors (5120K)
 Metaspace       used 51257K, committed 51712K, reserved 1097728K
  class space    used 6806K, committed 7040K, reserved 1048576K
}
Event: 12.859 GC heap after
{Heap after GC invocations=44 (full 0):
 garbage-first heap   total 169984K, used 66584K [0x0000000080000000, 0x0000000100000000)
  region size 1024K, 5 young (5120K), 5 survivors (5120K)
 Metaspace       used 51257K, committed 51712K, reserved 1097728K
  class space    used 6806K, committed 7040K, reserved 1048576K
}
Event: 13.245 GC heap before
{Heap before GC invocations=44 (full 0):
 garbage-first heap   total 169984K, used 145432K [0x0000000080000000, 0x0000000100000000)
  region size 1024K, 82 young (83968K), 5 survivors (5120K)
 Metaspace       used 51257K, committed 51712K, reserved 1097728K
  class space    used 6806K, committed 7040K, reserved 1048576K
}
Event: 13.250 GC heap after
{Heap after GC invocations=45 (full 0):
 garbage-first heap   total 169984K, used 67395K [0x0000000080000000, 0x0000000100000000)
  region size 1024K, 6 young (6144K), 6 survivors (6144K)
 Metaspace       used 51257K, committed 51712K, reserved 1097728K
  class space    used 6806K, committed 7040K, reserved 1048576K
}
Event: 13.624 GC heap before
{Heap before GC invocations=45 (full 0):
 garbage-first heap   total 169984K, used 144195K [0x0000000080000000, 0x0000000100000000)
  region size 1024K, 81 young (82944K), 6 survivors (6144K)
 Metaspace       used 51267K, committed 51712K, reserved 1097728K
  class space    used 6806K, committed 7040K, reserved 1048576K
}
Event: 13.629 GC heap after
{Heap after GC invocations=46 (full 0):
 garbage-first heap   total 169984K, used 67933K [0x0000000080000000, 0x0000000100000000)
  region size 1024K, 6 young (6144K), 6 survivors (6144K)
 Metaspace       used 51267K, committed 51712K, reserved 1097728K
  class space    used 6806K, committed 7040K, reserved 1048576K
}
Event: 14.129 GC heap before
{Heap before GC invocations=46 (full 0):
 garbage-first heap   total 169984K, used 149853K [0x0000000080000000, 0x0000000100000000)
  region size 1024K, 81 young (82944K), 6 survivors (6144K)
 Metaspace       used 51430K, committed 51904K, reserved 1097728K
  class space    used 6835K, committed 7040K, reserved 1048576K
}
Event: 14.130 GC heap after
{Heap after GC invocations=47 (full 0):
 garbage-first heap   total 169984K, used 63759K [0x0000000080000000, 0x0000000100000000)
  region size 1024K, 2 young (2048K), 2 survivors (2048K)
 Metaspace       used 51430K, committed 51904K, reserved 1097728K
  class space    used 6835K, committed 7040K, reserved 1048576K
}
Event: 14.348 GC heap before
{Heap before GC invocations=47 (full 0):
 garbage-first heap   total 169984K, used 147727K [0x0000000080000000, 0x0000000100000000)
  region size 1024K, 84 young (86016K), 2 survivors (2048K)
 Metaspace       used 51430K, committed 51904K, reserved 1097728K
  class space    used 6835K, committed 7040K, reserved 1048576K
}
Event: 14.350 GC heap after
{Heap after GC invocations=48 (full 0):
 garbage-first heap   total 169984K, used 64677K [0x0000000080000000, 0x0000000100000000)
  region size 1024K, 3 young (3072K), 3 survivors (3072K)
 Metaspace       used 51430K, committed 51904K, reserved 1097728K
  class space    used 6835K, committed 7040K, reserved 1048576K
}
Event: 14.535 GC heap before
{Heap before GC invocations=48 (full 0):
 garbage-first heap   total 169984K, used 147621K [0x0000000080000000, 0x0000000100000000)
  region size 1024K, 84 young (86016K), 3 survivors (3072K)
 Metaspace       used 51430K, committed 51904K, reserved 1097728K
  class space    used 6835K, committed 7040K, reserved 1048576K
}
Event: 14.538 GC heap after
{Heap after GC invocations=49 (full 0):
 garbage-first heap   total 169984K, used 65951K [0x0000000080000000, 0x0000000100000000)
  region size 1024K, 4 young (4096K), 4 survivors (4096K)
 Metaspace       used 51430K, committed 51904K, reserved 1097728K
  class space    used 6835K, committed 7040K, reserved 1048576K
}
Event: 14.911 GC heap before
{Heap before GC invocations=49 (full 0):
 garbage-first heap   total 169984K, used 149919K [0x0000000080000000, 0x0000000100000000)
  region size 1024K, 83 young (84992K), 4 survivors (4096K)
 Metaspace       used 51581K, committed 51968K, reserved 1097728K
  class space    used 6843K, committed 7040K, reserved 1048576K
}

